#0 building with "desktop-linux" instance using docker driver

#1 [internal] load build definition from Dockerfile
#1 transferring dockerfile: 722B done
#1 DONE 0.0s

#2 [internal] load metadata for mcr.microsoft.com/dotnet/sdk:10.0
#2 DONE 0.1s

#3 [internal] load metadata for mcr.microsoft.com/dotnet/aspnet:10.0
#3 DONE 0.1s

#4 [internal] load .dockerignore
#4 transferring context: 346B done
#4 DONE 0.0s

#5 [runtime 1/3] FROM mcr.microsoft.com/dotnet/aspnet:10.0@sha256:1aacc8154bc3071349907dae26849df301188be1a2e1f4560b903fb6275e481a
#5 resolve mcr.microsoft.com/dotnet/aspnet:10.0@sha256:1aacc8154bc3071349907dae26849df301188be1a2e1f4560b903fb6275e481a done
#5 DONE 0.0s

#6 [runtime 2/3] WORKDIR /app
#6 CACHED

#7 [build 1/7] FROM mcr.microsoft.com/dotnet/sdk:10.0@sha256:25d14b400b75fa4e89d5bd4487a92a604a4e409ab65becb91821e7dc4ac7f81f
#7 resolve mcr.microsoft.com/dotnet/sdk:10.0@sha256:25d14b400b75fa4e89d5bd4487a92a604a4e409ab65becb91821e7dc4ac7f81f 0.0s done
#7 DONE 0.0s

#8 [internal] load build context
#8 transferring context: 14.72kB done
#8 DONE 0.0s

#9 [build 2/7] WORKDIR /src
#9 CACHED

#10 [build 3/7] COPY [API/UrlShortner.csproj, API/]
#10 CACHED

#11 [build 4/7] RUN dotnet restore "API/UrlShortner.csproj"
#11 0.513   Determining projects to restore...
#11 8.076   Restored /src/API/UrlShortner.csproj (in 7.36 sec).
#11 DONE 8.2s

#12 [build 5/7] COPY [API/, API/]
#12 DONE 0.0s

#13 [build 6/7] WORKDIR /src/API
#13 DONE 0.0s

#14 [build 7/7] RUN dotnet publish "UrlShortner.csproj" -c Release -o /app/publish /p:UseAppHost=false
#14 0.368   Determining projects to restore...
#14 2.685   Restored /src/API/UrlShortner.csproj (in 2.15 sec).
#14 2.954 /usr/share/dotnet/sdk/10.0.102/Microsoft.Common.CurrentVersion.targets(3442,5): error MSB3552: Resource file "**/*.resx" cannot be found. [/src/API/UrlShortner.csproj]
#14 ERROR: process "/bin/sh -c dotnet publish \"UrlShortner.csproj\" -c Release -o /app/publish /p:UseAppHost=false" did not complete successfully: exit code: 1
------
 > [build 7/7] RUN dotnet publish "UrlShortner.csproj" -c Release -o /app/publish /p:UseAppHost=false:
0.368   Determining projects to restore...
2.685   Restored /src/API/UrlShortner.csproj (in 2.15 sec).
2.954 /usr/share/dotnet/sdk/10.0.102/Microsoft.Common.CurrentVersion.targets(3442,5): error MSB3552: Resource file "**/*.resx" cannot be found. [/src/API/UrlShortner.csproj]
------
Dockerfile:14
--------------------
  12 |     
  13 |     # Publish
  14 | >>> RUN dotnet publish "UrlShortner.csproj" -c Release -o /app/publish /p:UseAppHost=false
  15 |     
  16 |     # Runtime stage
--------------------
ERROR: failed to solve: process "/bin/sh -c dotnet publish \"UrlShortner.csproj\" -c Release -o /app/publish /p:UseAppHost=false" did not complete successfully: exit code: 1

View build details: docker-desktop://dashboard/build/desktop-linux/desktop-linux/lhv02xxnvbv1in3xxfrpppffk
